<?xml version="1.0" encoding="UTF-8"?>
<!-- Generated by org.testng.reporters.JUnitReportReporter -->
<testsuite hostname="LAPTOP-RGLEUDLS" failures="0" tests="4" name="rahulshettytests.BasicTests" time="0.885" errors="0" timestamp="2 Jun 2022 19:29:51 GMT">
  <testcase classname="rahulshettytests.BasicTests" name="radioButton" time="0.057"/>
  <testcase classname="rahulshettytests.BasicTests" name="checkBoxTest" time="0.160"/>
  <testcase classname="rahulshettytests.BasicTests" name="autoCompleteTest" time="0.485"/>
  <testcase classname="rahulshettytests.BasicTests" name="dropDownTest" time="0.183"/>
</testsuite> <!-- rahulshettytests.BasicTests -->
