<?xml version="1.0" encoding="UTF-8"?>
<!-- Generated by org.testng.reporters.JUnitReportReporter -->
<testsuite hostname="LAPTOP-RGLEUDLS" failures="0" tests="3" name="rahulshettytests.MediumTests" time="23.015" errors="0" timestamp="2 Jun 2022 20:12:11 GMT">
  <testcase classname="rahulshettytests.MediumTests" name="switchWindow" time="18.530"/>
  <testcase classname="rahulshettytests.MediumTests" name="switchAlert" time="0.347"/>
  <testcase classname="rahulshettytests.MediumTests" name="switchTabs" time="4.138"/>
</testsuite> <!-- rahulshettytests.MediumTests -->
